captureActivity/build/outputs/logs/manifest-merger-debug-report.txt
-- Merging decision tree log ---
manifest
ADDED from src\main\AndroidManifest.xml:17:1-170:12
INJECTED from src\main\AndroidManifest.xml:17:1-170:12
INJECTED from src\main\AndroidManifest.xml:17:1-170:12
INJECTED from src\main\AndroidManifest.xml:17:1-170:12
INJECTED from src\main\AndroidManifest.xml:17:1-170:12
INJECTED from src\main\AndroidManifest.xml:17:1-170:12
INJECTED from src\main\AndroidManifest.xml:17:1-170:12
	package
		ADDED from src\main\AndroidManifest.xml:18:11-52
		INJECTED from src\main\AndroidManifest.xml
		INJECTED from src\main\AndroidManifest.xml
	android:versionName
		ADDED from src\main\AndroidManifest.xml:19:11-36
		INJECTED from src\main\AndroidManifest.xml
		INJECTED from src\main\AndroidManifest.xml
	xmlns:android
		ADDED from src\main\AndroidManifest.xml:17:11-69
	android:versionCode
		ADDED from src\main\AndroidManifest.xml:20:11-35
		INJECTED from src\main\AndroidManifest.xml
		INJECTED from src\main\AndroidManifest.xml
	android:installLocation
		ADDED from src\main\AndroidManifest.xml:21:11-41
uses-permission#android.permission.CAMERA
ADDED from src\main\AndroidManifest.xml:23:3-62
	android:name
		ADDED from src\main\AndroidManifest.xml:23:20-60
uses-permission#android.permission.INTERNET
ADDED from src\main\AndroidManifest.xml:24:3-64
	android:name
		ADDED from src\main\AndroidManifest.xml:24:20-62
uses-permission#android.permission.VIBRATE
ADDED from src\main\AndroidManifest.xml:25:3-63
	android:name
		ADDED from src\main\AndroidManifest.xml:25:20-61
uses-permission#android.permission.FLASHLIGHT
ADDED from src\main\AndroidManifest.xml:26:3-66
	android:name
		ADDED from src\main\AndroidManifest.xml:26:20-64
uses-permission#android.permission.READ_CONTACTS
ADDED from src\main\AndroidManifest.xml:27:3-69
	android:name
		ADDED from src\main\AndroidManifest.xml:27:20-67
uses-permission#com.android.browser.permission.READ_HISTORY_BOOKMARKS
ADDED from src\main\AndroidManifest.xml:28:3-90
	android:name
		ADDED from src\main\AndroidManifest.xml:28:20-88
uses-permission#android.permission.WRITE_EXTERNAL_STORAGE
ADDED from src\main\AndroidManifest.xml:29:3-78
	android:name
		ADDED from src\main\AndroidManifest.xml:29:20-76
uses-permission#android.permission.CHANGE_WIFI_STATE
ADDED from src\main\AndroidManifest.xml:30:3-73
	android:name
		ADDED from src\main\AndroidManifest.xml:30:20-71
uses-permission#android.permission.ACCESS_WIFI_STATE
ADDED from src\main\AndroidManifest.xml:31:3-73
	android:name
		ADDED from src\main\AndroidManifest.xml:31:20-71
uses-feature#android.hardware.camera
ADDED from src\main\AndroidManifest.xml:35:3-57
	android:name
		ADDED from src\main\AndroidManifest.xml:35:17-55
uses-feature#android.hardware.camera.autofocus
ADDED from src\main\AndroidManifest.xml:36:3-92
	android:required
		ADDED from src\main\AndroidManifest.xml:36:66-90
	android:name
		ADDED from src\main\AndroidManifest.xml:36:17-65
uses-feature#android.hardware.camera.flash
ADDED from src\main\AndroidManifest.xml:37:3-88
	android:required
		ADDED from src\main\AndroidManifest.xml:37:62-86
	android:name
		ADDED from src\main\AndroidManifest.xml:37:17-61
uses-feature#android.hardware.screen.landscape
ADDED from src\main\AndroidManifest.xml:38:3-67
	android:name
		ADDED from src\main\AndroidManifest.xml:38:17-65
uses-feature#android.hardware.wifi
ADDED from src\main\AndroidManifest.xml:39:3-80
	android:required
		ADDED from src\main\AndroidManifest.xml:39:54-78
	android:name
		ADDED from src\main\AndroidManifest.xml:39:17-53
uses-feature#android.hardware.touchscreen
ADDED from src\main\AndroidManifest.xml:40:3-87
	android:required
		ADDED from src\main\AndroidManifest.xml:40:61-85
	android:name
		ADDED from src\main\AndroidManifest.xml:40:17-60
supports-screens
ADDED from src\main\AndroidManifest.xml:43:3-47:48
	android:largeScreens
		ADDED from src\main\AndroidManifest.xml:44:21-48
	android:smallScreens
		ADDED from src\main\AndroidManifest.xml:46:21-48
	android:normalScreens
		ADDED from src\main\AndroidManifest.xml:45:21-49
	android:xlargeScreens
		ADDED from src\main\AndroidManifest.xml:43:21-49
	android:anyDensity
		ADDED from src\main\AndroidManifest.xml:47:21-46
application
ADDED from src\main\AndroidManifest.xml:49:3-168:17
	android:label
		ADDED from src\main\AndroidManifest.xml:50:16-48
	android:icon
		ADDED from src\main\AndroidManifest.xml:49:16-54
activity#com.google.zxing.client.android.CaptureActivity
ADDED from src\main\AndroidManifest.xml:51:5-91:16
	android:screenOrientation
		ADDED from src\main\AndroidManifest.xml:52:15-51
	android:clearTaskOnLaunch
		ADDED from src\main\AndroidManifest.xml:53:15-47
	android:stateNotNeeded
		ADDED from src\main\AndroidManifest.xml:54:15-44
	android:windowSoftInputMode
		ADDED from src\main\AndroidManifest.xml:57:15-62
	android:configChanges
		ADDED from src\main\AndroidManifest.xml:55:15-65
	android:theme
		ADDED from src\main\AndroidManifest.xml:56:15-73
	android:name
		ADDED from src\main\AndroidManifest.xml:51:15-46
intent-filter#action:name:app.proyecto.visitazafra.SCAN+category:name:android.intent.category.DEFAULT
ADDED from src\main\AndroidManifest.xml:59:7-62:23
action#app.proyecto.visitazafra.SCAN
ADDED from src\main\AndroidManifest.xml:60:9-63
	android:name
		ADDED from src\main\AndroidManifest.xml:60:17-61
category#android.intent.category.DEFAULT
ADDED from src\main\AndroidManifest.xml:61:9-67
	android:name
		ADDED from src\main\AndroidManifest.xml:61:19-65
intent-filter#action:name:android.intent.action.VIEW+category:name:android.intent.category.BROWSABLE+category:name:android.intent.category.DEFAULT+data:host:zxing.appspot.com+data:path:/scan+data:scheme:http
ADDED from src\main\AndroidManifest.xml:64:7-69:23
action#android.intent.action.VIEW
ADDED from src\main\AndroidManifest.xml:65:9-60
	android:name
		ADDED from src\main\AndroidManifest.xml:65:17-58
category#android.intent.category.BROWSABLE
ADDED from src\main\AndroidManifest.xml:67:9-69
	android:name
		ADDED from src\main\AndroidManifest.xml:67:19-67
data
ADDED from src\main\AndroidManifest.xml:68:9-92
	android:path
		ADDED from src\main\AndroidManifest.xml:68:70-90
	android:host
		ADDED from src\main\AndroidManifest.xml:68:37-69
	android:scheme
		ADDED from src\main\AndroidManifest.xml:68:15-36
	android:mimeType
		ADDED from src\main\AndroidManifest.xml:107:15-46
intent-filter#action:name:android.intent.action.VIEW+category:name:android.intent.category.BROWSABLE+category:name:android.intent.category.DEFAULT+data:host:www.google.com+data:path:/m/products/scan+data:scheme:http
ADDED from src\main\AndroidManifest.xml:71:7-76:23
intent-filter#action:name:android.intent.action.VIEW+category:name:android.intent.category.BROWSABLE+category:name:android.intent.category.DEFAULT+data:host:www.google.co.uk+data:path:/m/products/scan+data:scheme:http
ADDED from src\main\AndroidManifest.xml:78:7-83:23
intent-filter#action:name:android.intent.action.VIEW+category:name:android.intent.category.BROWSABLE+category:name:android.intent.category.DEFAULT+data:host:scan+data:path:/+data:scheme:zxing
ADDED from src\main\AndroidManifest.xml:85:7-90:23
activity#com.google.zxing.client.android.PreferencesActivity
ADDED from src\main\AndroidManifest.xml:92:5-95:16
	android:stateNotNeeded
		ADDED from src\main\AndroidManifest.xml:94:15-44
	android:label
		ADDED from src\main\AndroidManifest.xml:93:15-55
	android:name
		ADDED from src\main\AndroidManifest.xml:92:15-50
activity#com.google.zxing.client.android.encode.EncodeActivity
ADDED from src\main\AndroidManifest.xml:96:5-115:16
	android:stateNotNeeded
		ADDED from src\main\AndroidManifest.xml:98:15-44
	android:label
		ADDED from src\main\AndroidManifest.xml:97:15-49
	android:name
		ADDED from src\main\AndroidManifest.xml:96:15-52
intent-filter#action:name:com.google.zxing.client.android.ENCODE+category:name:android.intent.category.DEFAULT
ADDED from src\main\AndroidManifest.xml:99:7-102:23
action#com.google.zxing.client.android.ENCODE
ADDED from src\main\AndroidManifest.xml:100:9-72
	android:name
		ADDED from src\main\AndroidManifest.xml:100:17-70
intent-filter#action:name:android.intent.action.SEND+category:name:android.intent.category.DEFAULT+data:mimeType:text/x-vcard
ADDED from src\main\AndroidManifest.xml:104:7-108:23
action#android.intent.action.SEND
ADDED from src\main\AndroidManifest.xml:105:9-60
	android:name
		ADDED from src\main\AndroidManifest.xml:105:17-58
intent-filter#action:name:android.intent.action.SEND+category:name:android.intent.category.DEFAULT+data:mimeType:text/plain
ADDED from src\main\AndroidManifest.xml:110:7-114:23
activity#com.google.zxing.client.android.book.SearchBookContentsActivity
ADDED from src\main\AndroidManifest.xml:116:5-125:16
	android:screenOrientation
		ADDED from src\main\AndroidManifest.xml:119:15-52
	android:stateNotNeeded
		ADDED from src\main\AndroidManifest.xml:118:15-44
	android:label
		ADDED from src\main\AndroidManifest.xml:117:15-47
	android:configChanges
		ADDED from src\main\AndroidManifest.xml:120:15-65
	android:name
		ADDED from src\main\AndroidManifest.xml:116:15-62
intent-filter#action:name:com.google.zxing.client.android.SEARCH_BOOK_CONTENTS+category:name:android.intent.category.DEFAULT
ADDED from src\main\AndroidManifest.xml:121:7-124:23
action#com.google.zxing.client.android.SEARCH_BOOK_CONTENTS
ADDED from src\main\AndroidManifest.xml:122:9-86
	android:name
		ADDED from src\main\AndroidManifest.xml:122:17-84
activity#com.google.zxing.client.android.share.ShareActivity
ADDED from src\main\AndroidManifest.xml:126:5-135:16
	android:screenOrientation
		ADDED from src\main\AndroidManifest.xml:129:15-47
	android:stateNotNeeded
		ADDED from src\main\AndroidManifest.xml:128:15-44
	android:label
		ADDED from src\main\AndroidManifest.xml:127:15-49
	android:theme
		ADDED from src\main\AndroidManifest.xml:130:15-57
	android:name
		ADDED from src\main\AndroidManifest.xml:126:15-50
intent-filter#action:name:com.google.zxing.client.android.SHARE+category:name:android.intent.category.DEFAULT
ADDED from src\main\AndroidManifest.xml:131:7-134:23
action#com.google.zxing.client.android.SHARE
ADDED from src\main\AndroidManifest.xml:132:9-71
	android:name
		ADDED from src\main\AndroidManifest.xml:132:17-69
activity#com.google.zxing.client.android.history.HistoryActivity
ADDED from src\main\AndroidManifest.xml:136:5-143:16
	android:stateNotNeeded
		ADDED from src\main\AndroidManifest.xml:138:15-44
	android:label
		ADDED from src\main\AndroidManifest.xml:137:15-52
	android:name
		ADDED from src\main\AndroidManifest.xml:136:15-54
intent-filter#action:name:android.intent.action.VIEW+category:name:android.intent.category.DEFAULT
ADDED from src\main\AndroidManifest.xml:139:7-142:23
activity#com.google.zxing.client.android.share.BookmarkPickerActivity
ADDED from src\main\AndroidManifest.xml:144:5-151:16
	android:stateNotNeeded
		ADDED from src\main\AndroidManifest.xml:146:15-44
	android:label
		ADDED from src\main\AndroidManifest.xml:145:15-59
	android:name
		ADDED from src\main\AndroidManifest.xml:144:15-59
intent-filter#action:name:android.intent.action.PICK+category:name:android.intent.category.DEFAULT
ADDED from src\main\AndroidManifest.xml:147:7-150:23
action#android.intent.action.PICK
ADDED from src\main\AndroidManifest.xml:148:9-60
	android:name
		ADDED from src\main\AndroidManifest.xml:148:17-58
activity#com.google.zxing.client.android.share.AppPickerActivity
ADDED from src\main\AndroidManifest.xml:152:5-160:16
	android:stateNotNeeded
		ADDED from src\main\AndroidManifest.xml:154:15-44
	android:label
		ADDED from src\main\AndroidManifest.xml:153:15-54
	android:configChanges
		ADDED from src\main\AndroidManifest.xml:155:15-50
	android:name
		ADDED from src\main\AndroidManifest.xml:152:15-54
activity#com.google.zxing.client.android.HelpActivity
ADDED from src\main\AndroidManifest.xml:161:5-167:16
	android:screenOrientation
		ADDED from src\main\AndroidManifest.xml:162:15-47
	android:name
		ADDED from src\main\AndroidManifest.xml:161:15-43
uses-sdk
INJECTED from src\main\AndroidManifest.xml reason: use-sdk injection requested
INJECTED from src\main\AndroidManifest.xml
INJECTED from src\main\AndroidManifest.xml
INJECTED from src\main\AndroidManifest.xml
INJECTED from src\main\AndroidManifest.xml
	android:targetSdkVersion
		INJECTED from src\main\AndroidManifest.xml
		ADDED from src\main\AndroidManifest.xml
		INJECTED from src\main\AndroidManifest.xml
	android:minSdkVersion
		INJECTED from src\main\AndroidManifest.xml
		ADDED from src\main\AndroidManifest.xml
		INJECTED from src\main\AndroidManifest.xml